<?xml version="1.0" encoding="UTF-8"?>
<!-- Generated by org.testng.reporters.JUnitReportReporter -->
<testsuite name="com.geekTrust.logic.KingdomSenderTest" tests="1" time="0.573" ignored="0" failures="0" timestamp="29 Sep 2017 18:38:29 GMT" skipped="0" hostname="LAP-126-HF32" errors="0">
  <testcase name="testMessageSender" time="0.573" classname="com.geekTrust.logic.KingdomSenderTest"/>
</testsuite> <!-- com.geekTrust.logic.KingdomSenderTest -->
