<?xml version="1.0" encoding="UTF-8"?>
<!-- Generated by org.testng.reporters.JUnitReportReporter -->
<testsuite skipped="0" hostname="LAP-126-HF32" name="com.geekTrust.logic.KingDomSenderTest" tests="1" failures="0" timestamp="29 Sep 2017 14:30:17 GMT" time="0.027" errors="0">
  <testcase name="testKingdomSender" time="0.027" classname="com.geekTrust.logic.KingDomSenderTest"/>
</testsuite> <!-- com.geekTrust.logic.KingDomSenderTest -->
